<?xml version="1.0" encoding="UTF-8"?>
<!-- Generated by org.testng.reporters.JUnitReportReporter -->
<testsuite hostname="navadhiti-ND" failures="0" tests="1" name="TestCases.loginTest" time="4.209" errors="0" timestamp="2023-04-17T17:18:36 IST" skipped="0">
  <testcase classname="TestCases.loginTest" name="loginValid" time="4.209"/>
  <system-out/>
</testsuite> <!-- TestCases.loginTest -->
